<?xml version="1.0" encoding="UTF-8"?>
<!-- Generated by org.testng.reporters.JUnitReportReporter -->
<testsuite skipped="0" hostname="LAPTOP-LE02I758" name="com.test.hubspot.keyword.tests.LoginTest" tests="1" failures="0" timestamp="18 Sep 2019 13:35:50 GMT" time="7.955" errors="0">
  <testcase name="load" time="7.955" classname="com.test.hubspot.keyword.tests.LoginTest"/>
</testsuite> <!-- com.test.hubspot.keyword.tests.LoginTest -->
