<?xml version="1.0" encoding="UTF-8"?>
<!-- Generated by org.testng.reporters.JUnitReportReporter -->
<testsuite skipped="0" hostname="LAPTOP-LE02I758" name="com.test.hubspot.keyword.tests.LoginTest" tests="1" failures="0" timestamp="26 Sep 2019 07:23:07 GMT" time="22.728" errors="0">
  <testcase name="load" time="22.728" classname="com.test.hubspot.keyword.tests.LoginTest"/>
</testsuite> <!-- com.test.hubspot.keyword.tests.LoginTest -->
